<?xml version="1.0" encoding="UTF-8"?>
<!-- Generated by org.testng.reporters.JUnitXMLReporter -->
<testsuite ignored="0" hostname="DESKTOP-4VUC44N" failures="0" tests="8" name="Loan Applications Smoke Testing" time="0.184" errors="0" timestamp="2020-03-22T11:11:32 CDT">
  <testcase classname="testngIntro.Testng02LoansPersonal" name="ApproveLoanPersonalLoan" time="0.016"/>
  <testcase classname="testngIntro.Testng02LoansPersonal" name="CloseLoanPersonalLoan" time="0.002"/>
  <testcase classname="testngIntro.Testng02LoansPersonal" name="CreateLoanPersonalLoan" time="0.015"/>
  <testcase classname="testngIntro.Testng02LoansPersonal" name="LoginPersonalLoan" time="0.002"/>
  <testcase classname="testngIntro.Testng02Loans" name="ApproveLoan" time="0.004"/>
  <testcase classname="testngIntro.Testng02Loans" name="CloseLoan" time="0.003"/>
  <testcase classname="testngIntro.Testng02Loans" name="CreateLoan" time="0.003"/>
  <testcase classname="testngIntro.Testng02Loans" name="Login" time="0.004"/>
</testsuite> <!-- Loan Applications Smoke Testing -->
