<?xml version="1.0" encoding="UTF-8"?>
<!-- Generated by org.testng.reporters.JUnitXMLReporter -->
<testsuite ignored="0" hostname="DESKTOP-4VUC44N" failures="0" tests="4" name="Default test" time="0.181" errors="0" timestamp="2020-03-22T12:36:34 CDT">
  <testcase classname="testngIntro.Testng04Annotations" name="Method1" time="0.011"/>
  <testcase classname="testngIntro.Testng04Annotations" name="Method2" time="0.003"/>
  <testcase classname="testngIntro.Testng04Annotations" name="Method3" time="0.005"/>
  <testcase classname="testngIntro.Testng04Annotations" name="Method4" time="0.004"/>
</testsuite> <!-- Default test -->
