<?xml version="1.0" encoding="UTF-8"?>
<!-- Generated by org.testng.reporters.JUnitXMLReporter -->
<testsuite ignored="6" hostname="DESKTOP-4VUC44N" failures="0" tests="2" name="Loan Applications Smoke Testing" time="0.289" errors="0" timestamp="2020-03-22T11:50:58 CDT">
  <testcase classname="testngIntro.Testng02LoansPersonal" name="LoginPersonalLoan" time="0.041"/>
  <testcase classname="testngIntro.Testng02Loans" name="Login" time="0.015"/>
  <testcase classname="testngIntro.Testng02LoansPersonal" name="CloseLoanPersonalLoan" time="0.0">
    <ignored/>
  </testcase> <!-- CloseLoanPersonalLoan -->
  <testcase classname="testngIntro.Testng02LoansPersonal" name="CreateLoanPersonalLoan" time="0.0">
    <ignored/>
  </testcase> <!-- CreateLoanPersonalLoan -->
  <testcase classname="testngIntro.Testng02LoansPersonal" name="ApproveLoanPersonalLoan" time="0.0">
    <ignored/>
  </testcase> <!-- ApproveLoanPersonalLoan -->
  <testcase classname="testngIntro.Testng02Loans" name="ApproveLoan" time="0.0">
    <ignored/>
  </testcase> <!-- ApproveLoan -->
  <testcase classname="testngIntro.Testng02Loans" name="CreateLoan" time="0.0">
    <ignored/>
  </testcase> <!-- CreateLoan -->
  <testcase classname="testngIntro.Testng02Loans" name="CloseLoan" time="0.0">
    <ignored/>
  </testcase> <!-- CloseLoan -->
</testsuite> <!-- Loan Applications Smoke Testing -->
