<?xml version="1.0" encoding="UTF-8"?>
<!-- Generated by org.testng.reporters.JUnitXMLReporter -->
<testsuite ignored="2" hostname="DESKTOP-4VUC44N" failures="0" tests="6" name="Loan Applications" time="0.325" errors="0" timestamp="2020-03-22T11:54:37 CDT">
  <testcase classname="testngIntro.Testng02LoansPersonal" name="LoginPersonalLoan" time="0.032"/>
  <testcase classname="testngIntro.Testng02LoansPersonal" name="CreateLoanPersonalLoan" time="0.008"/>
  <testcase classname="testngIntro.Testng02LoansPersonal" name="ApproveLoanPersonalLoan" time="0.011"/>
  <testcase classname="testngIntro.Testng02Loans" name="ApproveLoan" time="0.003"/>
  <testcase classname="testngIntro.Testng02Loans" name="CreateLoan" time="0.015"/>
  <testcase classname="testngIntro.Testng02Loans" name="Login" time="0.013"/>
  <testcase classname="testngIntro.Testng02LoansPersonal" name="CloseLoanPersonalLoan" time="0.0">
    <ignored/>
  </testcase> <!-- CloseLoanPersonalLoan -->
  <testcase classname="testngIntro.Testng02Loans" name="CloseLoan" time="0.0">
    <ignored/>
  </testcase> <!-- CloseLoan -->
</testsuite> <!-- Loan Applications -->
