<?xml version="1.0" encoding="UTF-8"?>
<!-- Generated by org.testng.reporters.JUnitXMLReporter -->
<testsuite ignored="0" hostname="DESKTOP-4VUC44N" failures="0" tests="4" name="Login" time="0.307" errors="0" timestamp="2020-03-22T12:21:05 CDT">
  <testcase classname="testngIntro.Testng03Parameters" name="Login" time="0.051"/>
  <testcase classname="testngIntro.Testng03Parameters" name="LoginMultipleTimes" time="0.004"/>
  <testcase classname="testngIntro.Testng03Parameters" name="LoginMultipleTimes" time="0.006"/>
  <testcase classname="testngIntro.Testng03Parameters" name="LoginMultipleTimes" time="0.007"/>
</testsuite> <!-- Login -->
