<?xml version="1.0" encoding="UTF-8"?>
<testng-results ignored="0" total="2" passed="2" failed="0" skipped="0">
  <reporter-output>
  </reporter-output>
  <suite started-at="2020-03-28T12:38:52 CDT" name="Default suite" finished-at="2020-03-28T12:39:06 CDT" duration-ms="13818">
    <groups>
    </groups>
    <test started-at="2020-03-28T12:38:52 CDT" name="Default test" finished-at="2020-03-28T12:39:06 CDT" duration-ms="13818">
      <class name="tests.EaAppLoginNegative">
        <test-method is-config="true" signature="StartUp()[pri:0, instance:tests.EaAppLoginNegative@290d210d]" started-at="2020-03-28T12:38:52 CDT" name="StartUp" finished-at="2020-03-28T12:39:04 CDT" duration-ms="11541" status="PASS">
          <reporter-output>
          </reporter-output>
        </test-method> <!-- StartUp -->
        <test-method signature="ClickLogin()[pri:0, instance:tests.EaAppLoginNegative@290d210d]" started-at="2020-03-28T12:39:04 CDT" name="ClickLogin" finished-at="2020-03-28T12:39:05 CDT" duration-ms="685" status="PASS">
          <reporter-output>
          </reporter-output>
        </test-method> <!-- ClickLogin -->
        <test-method signature="InvalidLogin()[pri:0, instance:tests.EaAppLoginNegative@290d210d]" started-at="2020-03-28T12:39:05 CDT" name="InvalidLogin" finished-at="2020-03-28T12:39:06 CDT" duration-ms="1508" status="PASS">
          <reporter-output>
          </reporter-output>
        </test-method> <!-- InvalidLogin -->
      </class> <!-- tests.EaAppLoginNegative -->
    </test> <!-- Default test -->
  </suite> <!-- Default suite -->
</testng-results>
