<?xml version="1.0" encoding="UTF-8"?>
<testng-results ignored="0" total="4" passed="4" failed="0" skipped="0">
  <reporter-output>
  </reporter-output>
  <suite started-at="2020-03-22T12:36:34 CDT" name="Default suite" finished-at="2020-03-22T12:36:34 CDT" duration-ms="181">
    <groups>
    </groups>
    <test started-at="2020-03-22T12:36:34 CDT" name="Default test" finished-at="2020-03-22T12:36:34 CDT" duration-ms="181">
      <class name="testngIntro.Testng04Annotations">
        <test-method is-config="true" signature="BeforeTest()[pri:0, instance:testngIntro.Testng04Annotations@1198b989]" started-at="2020-03-22T12:36:34 CDT" name="BeforeTest" finished-at="2020-03-22T12:36:34 CDT" duration-ms="25" status="PASS">
          <reporter-output>
          </reporter-output>
        </test-method> <!-- BeforeTest -->
        <test-method is-config="true" signature="BeforeClass()[pri:0, instance:testngIntro.Testng04Annotations@1198b989]" started-at="2020-03-22T12:36:34 CDT" name="BeforeClass" finished-at="2020-03-22T12:36:34 CDT" duration-ms="1" status="PASS">
          <reporter-output>
          </reporter-output>
        </test-method> <!-- BeforeClass -->
        <test-method is-config="true" signature="BeforeMethod()[pri:0, instance:testngIntro.Testng04Annotations@1198b989]" started-at="2020-03-22T12:36:34 CDT" name="BeforeMethod" finished-at="2020-03-22T12:36:34 CDT" duration-ms="2" status="PASS">
          <reporter-output>
          </reporter-output>
        </test-method> <!-- BeforeMethod -->
        <test-method signature="Method1()[pri:0, instance:testngIntro.Testng04Annotations@1198b989]" started-at="2020-03-22T12:36:34 CDT" name="Method1" finished-at="2020-03-22T12:36:34 CDT" duration-ms="11" status="PASS">
          <reporter-output>
          </reporter-output>
        </test-method> <!-- Method1 -->
        <test-method is-config="true" signature="AfterMethod()[pri:0, instance:testngIntro.Testng04Annotations@1198b989]" started-at="2020-03-22T12:36:34 CDT" name="AfterMethod" finished-at="2020-03-22T12:36:34 CDT" duration-ms="1" status="PASS">
          <reporter-output>
          </reporter-output>
        </test-method> <!-- AfterMethod -->
        <test-method is-config="true" signature="BeforeMethod()[pri:0, instance:testngIntro.Testng04Annotations@1198b989]" started-at="2020-03-22T12:36:34 CDT" name="BeforeMethod" finished-at="2020-03-22T12:36:34 CDT" duration-ms="1" status="PASS">
          <reporter-output>
          </reporter-output>
        </test-method> <!-- BeforeMethod -->
        <test-method signature="Method2()[pri:0, instance:testngIntro.Testng04Annotations@1198b989]" started-at="2020-03-22T12:36:34 CDT" name="Method2" finished-at="2020-03-22T12:36:34 CDT" duration-ms="3" status="PASS">
          <reporter-output>
          </reporter-output>
        </test-method> <!-- Method2 -->
        <test-method is-config="true" signature="AfterMethod()[pri:0, instance:testngIntro.Testng04Annotations@1198b989]" started-at="2020-03-22T12:36:34 CDT" name="AfterMethod" finished-at="2020-03-22T12:36:34 CDT" duration-ms="0" status="PASS">
          <reporter-output>
          </reporter-output>
        </test-method> <!-- AfterMethod -->
        <test-method is-config="true" signature="BeforeMethod()[pri:0, instance:testngIntro.Testng04Annotations@1198b989]" started-at="2020-03-22T12:36:34 CDT" name="BeforeMethod" finished-at="2020-03-22T12:36:34 CDT" duration-ms="1" status="PASS">
          <reporter-output>
          </reporter-output>
        </test-method> <!-- BeforeMethod -->
        <test-method signature="Method3()[pri:0, instance:testngIntro.Testng04Annotations@1198b989]" started-at="2020-03-22T12:36:34 CDT" name="Method3" finished-at="2020-03-22T12:36:34 CDT" duration-ms="5" status="PASS">
          <reporter-output>
          </reporter-output>
        </test-method> <!-- Method3 -->
        <test-method is-config="true" signature="AfterMethod()[pri:0, instance:testngIntro.Testng04Annotations@1198b989]" started-at="2020-03-22T12:36:34 CDT" name="AfterMethod" finished-at="2020-03-22T12:36:34 CDT" duration-ms="1" status="PASS">
          <reporter-output>
          </reporter-output>
        </test-method> <!-- AfterMethod -->
        <test-method signature="Method4()[pri:0, instance:testngIntro.Testng04Annotations@1198b989]" started-at="2020-03-22T12:36:34 CDT" name="Method4" finished-at="2020-03-22T12:36:34 CDT" duration-ms="4" status="PASS">
          <reporter-output>
          </reporter-output>
        </test-method> <!-- Method4 -->
        <test-method is-config="true" signature="BeforeMethod()[pri:0, instance:testngIntro.Testng04Annotations@1198b989]" started-at="2020-03-22T12:36:34 CDT" name="BeforeMethod" finished-at="2020-03-22T12:36:34 CDT" duration-ms="0" status="PASS">
          <reporter-output>
          </reporter-output>
        </test-method> <!-- BeforeMethod -->
        <test-method is-config="true" signature="AfterMethod()[pri:0, instance:testngIntro.Testng04Annotations@1198b989]" started-at="2020-03-22T12:36:34 CDT" name="AfterMethod" finished-at="2020-03-22T12:36:34 CDT" duration-ms="0" status="PASS">
          <reporter-output>
          </reporter-output>
        </test-method> <!-- AfterMethod -->
        <test-method is-config="true" signature="AfterTest()[pri:0, instance:testngIntro.Testng04Annotations@1198b989]" started-at="2020-03-22T12:36:34 CDT" name="AfterTest" finished-at="2020-03-22T12:36:34 CDT" duration-ms="0" status="PASS">
          <reporter-output>
          </reporter-output>
        </test-method> <!-- AfterTest -->
      </class> <!-- testngIntro.Testng04Annotations -->
    </test> <!-- Default test -->
  </suite> <!-- Default suite -->
</testng-results>
